%!Adobe-FontList 1.14
%Locale:0x409

%BeginFont
Handler:DirectoryHandler
FontType:TrueType
FontName:OpenSans-CondensedBold
FamilyName:Open Sans Condensed
StyleName:Bold
MenuName:Open Sans Condensed
StyleBits:2
WeightClass:700
WidthClass:3
AngleClass:0
FullName:Open Sans Condensed Bold
WritingScript:Roman
OutlineFileName:\OpenSans-CondensedBold.ttf
DataFormat:sfntData
FileLength:264372
FileModTime:1413858418
%EndFont

%BeginFont
Handler:DirectoryHandler
FontType:TrueType
FontName:OpenSans-CondensedLight
FamilyName:Open Sans
StyleName:Condensed Light
MenuName:Open Sans Condensed Light
StyleBits:0
WeightClass:300
WidthClass:3
AngleClass:0
FullName:Open Sans Condensed Light
WritingScript:Roman
OutlineFileName:\OpenSans-CondensedLight.ttf
DataFormat:sfntData
FileLength:221108
FileModTime:1413858418
%EndFont

%BeginFont
Handler:DirectoryHandler
FontType:TrueType
FontName:OpenSans-Italic
FamilyName:Open Sans
StyleName:Italic
MenuName:Open Sans
StyleBits:1
WeightClass:400
WidthClass:5
AngleClass:1
FullName:Open Sans Italic
WritingScript:Roman
OutlineFileName:\OpenSans-Italic.ttf
DataFormat:sfntData
FileLength:212896
FileModTime:1341819100
%EndFont

%BeginFont
Handler:DirectoryHandler
FontType:TrueType
FontName:OpenSans-Light
FamilyName:Open Sans
StyleName:Light
MenuName:Open Sans Light
StyleBits:0
WeightClass:300
WidthClass:5
AngleClass:0
FullName:Open Sans Light
WritingScript:Roman
OutlineFileName:\OpenSans-Light.ttf
DataFormat:sfntData
FileLength:222412
FileModTime:1341819100
%EndFont

%BeginFont
Handler:DirectoryHandler
FontType:TrueType
FontName:OpenSans-Semibold
FamilyName:Open Sans
StyleName:Semibold
MenuName:Open Sans Semibold
StyleBits:0
WeightClass:600
WidthClass:5
AngleClass:0
FullName:Open Sans Semibold
WritingScript:Roman
OutlineFileName:\OpenSans-Semibold.ttf
DataFormat:sfntData
FileLength:221328
FileModTime:1341819100
%EndFont

